<?xml version="1.0" encoding="UTF-8"?>
<testsuite name="ReplaceVowelTest" tests="3" skipped="0" failures="0" errors="0" timestamp="2016-04-23T21:38:08" hostname="Mings-MacBook-Pro.local" time="0.01">
  <properties/>
  <testcase name="calculateNumber_vowelOutput_moderate" classname="ReplaceVowelTest" time="0.004"/>
  <testcase name="calculateNumber_vowelOutput_basic" classname="ReplaceVowelTest" time="0.001"/>
  <testcase name="calculateNumber_vowelOutput_long" classname="ReplaceVowelTest" time="0.003"/>
  <system-out><![CDATA[]]></system-out>
  <system-err><![CDATA[]]></system-err>
</testsuite>
