<?xml version="1.0" encoding="UTF-8"?>
<testsuite name="ReplaceVowelTest" tests="3" skipped="0" failures="0" errors="0" timestamp="2016-04-22T23:25:07" hostname="Mings-MacBook-Pro.local" time="0.001">
  <properties/>
  <testcase name="calculateNumber_vowelOutput_moderate" classname="ReplaceVowelTest" time="0.0"/>
  <testcase name="calculateNumber_vowelOutput_basic" classname="ReplaceVowelTest" time="0.001"/>
  <testcase name="calculateNumber_vowelOutput_long" classname="ReplaceVowelTest" time="0.0"/>
  <system-out><![CDATA[]]></system-out>
  <system-err><![CDATA[]]></system-err>
</testsuite>
